C51 COMPILER V9.60.7.0   MAIN                                                              04/24/2024 19:08:28 PAGE 1   


C51 COMPILER V9.60.7.0, COMPILATION OF MODULE MAIN
OBJECT MODULE PLACED IN .\Objects\main.obj
COMPILER INVOKED BY: D:\Program\MDK51_32\C51\BIN\C51.EXE main.c OPTIMIZE(8,SPEED) BROWSE DEBUG OBJECTEXTEND PRINT(.\List
                    -ings\main.lst) OBJECT(.\Objects\main.obj)

line level    source

   1          #include <REGX52.H>
   2          #include "LCD1602.h"
   3          #include "DS1302.h"
   4          #include "Key.h"
   5          #include "Timer0.h"
   6          #include "DateTime.h"
   7          
   8          unsigned char KeyNum,MODE,TimerSelect,FlickerFlag;
   9          
  10          /**
  11            * @brief 初始化
  12            * @param  无
  13            * @retval 无
  14            */
  15          void Init()
  16          {
  17   1          LCD_Init();
  18   1          DS1302_Init();
  19   1          Timer0_Init();
  20   1          
  21   1          LCD_ShowString(1,1,"  -  -  ");
  22   1          LCD_ShowString(2,1,"  :  :  ");
  23   1          
  24   1          DS1302_SetDateTime();
  25   1      }
  26          
  27          /**
  28            * @brief 修改日期时间
  29            * @param  无
  30            * @retval 无
  31            */
  32          void EditDateTime()
  33          {
  34   1          // 选择日期时间
  35   1          if(KeyNum==2)
  36   1          {
  37   2              TimerSelect++;
  38   2              TimerSelect%=7;
  39   2          }
  40   1          // 调大日期时间
  41   1          if(KeyNum==3)
  42   1          {
  43   2              IncreaseDateTime(TimerSelect);
  44   2          }
  45   1          // 调小日期时间
  46   1          if(KeyNum==4)
  47   1          {
  48   2              DecreaseDateTime(TimerSelect);
  49   2          }
  50   1          
  51   1          // 闪烁日期时间
  52   1          FlickerDateTime(TimerSelect,FlickerFlag);
  53   1      }
  54          
C51 COMPILER V9.60.7.0   MAIN                                                              04/24/2024 19:08:28 PAGE 2   

  55          /**
  56            * @brief 选择模式
  57            * @param  无
  58            * @retval 无
  59            */
  60          void SelectMode()
  61          {
  62   1          KeyNum=Key();
  63   1          
  64   1          // 选择模式
  65   1          if(KeyNum==1)
  66   1          {
  67   2              // 修改为编辑模式
  68   2              if(MODE==0)
  69   2              {
  70   3                  MODE=1;
  71   3                  TimerSelect=0;
  72   3              }
  73   2              // 修改为显示模式
  74   2              else if(MODE==1)
  75   2              {
  76   3                  MODE=0;
  77   3                  DS1302_SetDateTime();
  78   3              }
  79   2          }
  80   1          
  81   1          // 显示模式
  82   1          if(MODE==0)
  83   1          {
  84   2              ShowDateTime();
  85   2          }
  86   1          // 编辑模式
  87   1          else if(MODE==1)
  88   1          {
  89   2              EditDateTime();
  90   2          }
  91   1      }
  92          
  93          void main()
  94          {
  95   1          Init();
  96   1          while(1)
  97   1          {
  98   2              // 选择模式
  99   2              SelectMode();
 100   2      
 101   2      //        LCD_ShowNum(2,10,KeyNum,1);
 102   2      //        LCD_ShowNum(2,12,MODE,1);
 103   2      //        LCD_ShowNum(2,14,TimerSelect,1);
 104   2      //        LCD_ShowNum(2,16,FlickerFlag,1);        
 105   2          }
 106   1      }
 107          
 108          /**
 109            * @brief 定时器0终端执行程序
 110            * @param  无
 111            * @retval 无
 112            */
 113          void Timer0_Routine() interrupt 1
 114          {
 115   1          static unsigned int Counter;
 116   1          
C51 COMPILER V9.60.7.0   MAIN                                                              04/24/2024 19:08:28 PAGE 3   

 117   1          // 重置定时器初始值
 118   1              TL0 = 0x66;
 119   1              TH0 = 0xFC;
 120   1          
 121   1          // 中断1次为1ms，500次即0.5s
 122   1          if(++Counter>=500)
 123   1          {
 124   2              Counter=0;
 125   2         
 126   2              FlickerFlag=!FlickerFlag;
 127   2          }
 128   1      }


MODULE INFORMATION:   STATIC OVERLAYABLE
   CODE SIZE        =    197    ----
   CONSTANT SIZE    =     18    ----
   XDATA SIZE       =   ----    ----
   PDATA SIZE       =   ----    ----
   DATA SIZE        =      6    ----
   IDATA SIZE       =   ----    ----
   BIT SIZE         =   ----    ----
END OF MODULE INFORMATION.


C51 COMPILATION COMPLETE.  0 WARNING(S),  0 ERROR(S)
