C51 COMPILER V9.60.7.0   KEY                                                               04/26/2024 22:06:46 PAGE 1   


C51 COMPILER V9.60.7.0, COMPILATION OF MODULE KEY
OBJECT MODULE PLACED IN .\Objects\Key.obj
COMPILER INVOKED BY: D:\Program\MDK51_32\C51\BIN\C51.EXE Key.c OPTIMIZE(8,SPEED) BROWSE DEBUG OBJECTEXTEND PRINT(.\Listi
                    -ngs\Key.lst) OBJECT(.\Objects\Key.obj)

line level    source

   1          #include <REGX52.H>
   2          #include "Delay.h"
   3          
   4          unsigned char Key_KeyNum;
   5          
   6          /**
   7            * @brief 获取独立按键键码（滤波后）
   8            * @param  无
   9            * @retval 范围0~4，默认无按键按下为0
  10            */
  11          unsigned char Key(void)
  12          {
  13   1          // 返回后将KeyNum置0，防止产生干扰
  14   1          unsigned char TempKeyNum = Key_KeyNum;
  15   1          Key_KeyNum=0;
  16   1          return TempKeyNum;
  17   1      }
  18          
  19          /**
  20            * @brief 获取独立按键键码（滤波前）
  21            * @param  无
  22            * @retval 范围0~4，默认无按键按下为0
  23            */
  24          unsigned char Key_GetState(void)
  25          {
  26   1          unsigned char KeyNum=0;
  27   1          
  28   1          if(P3_1==0){KeyNum=1;}
  29   1          if(P3_0==0){KeyNum=2;}
  30   1          if(P3_2==0){KeyNum=3;}
  31   1          if(P3_3==0){KeyNum=4;}
  32   1          
  33   1          return KeyNum;
  34   1      }
  35          
  36          /**
  37            * @brief 定时扫描独立按键时的单次执行程序
  38            * @param  无
  39            * @retval 无
  40            */
  41          void Key_Loop(void)
  42          {
  43   1          static unsigned char LastKeyNum,NowKeyNum;
  44   1          LastKeyNum=NowKeyNum;
  45   1          NowKeyNum=Key_GetState();
  46   1          if(LastKeyNum && NowKeyNum==0)
  47   1          {
  48   2              Key_KeyNum=LastKeyNum;
  49   2          }
  50   1      }


MODULE INFORMATION:   STATIC OVERLAYABLE
   CODE SIZE        =     48    ----
C51 COMPILER V9.60.7.0   KEY                                                               04/26/2024 22:06:46 PAGE 2   

   CONSTANT SIZE    =   ----    ----
   XDATA SIZE       =   ----    ----
   PDATA SIZE       =   ----    ----
   DATA SIZE        =      3    ----
   IDATA SIZE       =   ----    ----
   BIT SIZE         =   ----    ----
END OF MODULE INFORMATION.


C51 COMPILATION COMPLETE.  0 WARNING(S),  0 ERROR(S)
