C51 COMPILER V9.60.7.0   TIP                                                               04/20/2024 14:29:14 PAGE 1   


C51 COMPILER V9.60.7.0, COMPILATION OF MODULE TIP
OBJECT MODULE PLACED IN .\Objects\Tip.obj
COMPILER INVOKED BY: D:\Program\Keil5\C51\BIN\C51.EXE Tip.c OPTIMIZE(8,SPEED) BROWSE DEBUG OBJECTEXTEND PRINT(.\Listings
                    -\Tip.lst) OBJECT(.\Objects\Tip.obj)

line level    source

   1          #include "LCD1602.h"
   2          
   3          // 显示提示
   4          void ShowTip(char *Tip)
   5          {
   6   1          LCD_ShowString(1,14,Tip);
   7   1      }
   8          
   9          // 显示成功
  10          void ShowOK()
  11          {
  12   1          ShowTip("OK ");
  13   1      }
  14          
  15          // 显示失败
  16          void ShowERR()
  17          {
  18   1          ShowTip("ERR ");
  19   1      }
  20          
  21          // 清除提示
  22          void ShowNth()
  23          {
  24   1          ShowTip("   ");
  25   1      }


MODULE INFORMATION:   STATIC OVERLAYABLE
   CODE SIZE        =     34    ----
   CONSTANT SIZE    =     13    ----
   XDATA SIZE       =   ----    ----
   PDATA SIZE       =   ----    ----
   DATA SIZE        =   ----    ----
   IDATA SIZE       =   ----    ----
   BIT SIZE         =   ----    ----
END OF MODULE INFORMATION.


C51 COMPILATION COMPLETE.  0 WARNING(S),  0 ERROR(S)
