C51 COMPILER V9.60.7.0   MAIN                                                              04/26/2024 20:50:38 PAGE 1   


C51 COMPILER V9.60.7.0, COMPILATION OF MODULE MAIN
OBJECT MODULE PLACED IN .\Objects\main.obj
COMPILER INVOKED BY: D:\Program\MDK51_32\C51\BIN\C51.EXE main.c OPTIMIZE(8,SPEED) BROWSE DEBUG OBJECTEXTEND PRINT(.\List
                    -ings\main.lst) OBJECT(.\Objects\main.obj)

line level    source

   1          #include <REGX52.H>
   2          #include "LCD1602.h"
   3          #include "Key.h"
   4          #include "Delay.h"
   5          #include "AT24C02.h"
   6          
   7          unsigned char KeyNum;
   8          unsigned int Num;
   9          
  10          void main()
  11          {
  12   1          LCD_Init();
  13   1          LCD_ShowNum(1,1,Num,5);
  14   1          while(1)
  15   1          {
  16   2              KeyNum=Key();
  17   2              if(KeyNum==1)
  18   2              {
  19   3                  Num++;
  20   3                  LCD_ShowNum(1,1,Num,5);
  21   3              }
  22   2              else if(KeyNum==2)
  23   2              {
  24   3                  Num--;
  25   3                  LCD_ShowNum(1,1,Num,5);
  26   3              }
  27   2              else if(KeyNum==3)
  28   2              {
  29   3                  AT24C02_WriteData(0,Num%256);
  30   3                  Delay(5);
  31   3                  AT24C02_WriteData(1,Num/256);
  32   3                  Delay(5);
  33   3                  LCD_ShowString(2,1,"Write OK");
  34   3                  Delay(1000);
  35   3                  LCD_ShowString(2,1,"        ");
  36   3              }
  37   2              else if(KeyNum==4)
  38   2              {
  39   3                  Num=AT24C02_ReadData(0);
  40   3                  Num|=AT24C02_ReadData(1)<<8;
  41   3                  LCD_ShowNum(1,1,Num,5);
  42   3                  LCD_ShowString(2,1,"Read OK");
  43   3                  Delay(1000);
  44   3                  LCD_ShowString(2,1,"       ");
  45   3              }
  46   2          }
  47   1      }
  48          
  49          // 测试
  50          // unsigned char Data;
  51          //void main()
  52          //{
  53          //    LCD_Init();
  54          //    LCD_ShowString(1,1,"Hello");
C51 COMPILER V9.60.7.0   MAIN                                                              04/26/2024 20:50:38 PAGE 2   

  55          //    AT24C02_WriteData(0,69);
  56          //    // 写周期tWR=5ms, 写入需要点时间，所以进行延时
  57          //    Delay(5);
  58          //    Data=AT24C02_ReadData(0);
  59          //    LCD_ShowNum(2,1,Data,3);
  60          //    while(1)
  61          //    {
  62          //        
  63          //    }
  64          //}


MODULE INFORMATION:   STATIC OVERLAYABLE
   CODE SIZE        =    208    ----
   CONSTANT SIZE    =     34    ----
   XDATA SIZE       =   ----    ----
   PDATA SIZE       =   ----    ----
   DATA SIZE        =      3    ----
   IDATA SIZE       =   ----    ----
   BIT SIZE         =   ----    ----
END OF MODULE INFORMATION.


C51 COMPILATION COMPLETE.  0 WARNING(S),  0 ERROR(S)
