C51 COMPILER V9.60.7.0   MAIN                                                              04/30/2024 22:48:43 PAGE 1   


C51 COMPILER V9.60.7.0, COMPILATION OF MODULE MAIN
OBJECT MODULE PLACED IN .\Objects\main.obj
COMPILER INVOKED BY: D:\Program\MDK51_32\C51\BIN\C51.EXE main.c OPTIMIZE(8,SPEED) BROWSE DEBUG OBJECTEXTEND PRINT(.\List
                    -ings\main.lst) OBJECT(.\Objects\main.obj)

line level    source

   1          #include <REGX52.H>
   2          #include "Delay.h"
   3          #include "Timer0.h"
   4          
   5          // LED灯引脚定义
   6          sbit DA=P2^1;
   7          
   8          // PWM模型：计数器、比较值
   9          unsigned char Counter,Compare;
  10          
  11          void main()
  12          {
  13   1          unsigned char i;
  14   1          Timer0_Init();
  15   1          while(1)
  16   1          {
  17   2              for(i=0;i<100;i++)
  18   2                      {
  19   3                              Compare=i;                      //设置比较值，改变PWM占空比
  20   3                              Delay(10);
  21   3                      }
  22   2                      for(i=100;i>0;i--)
  23   2                      {
  24   3                              Compare=i;                      //设置比较值，改变PWM占空比
  25   3                              Delay(10);
  26   3                      }
  27   2          }
  28   1      }
  29          
  30          void Timer0_Routine() interrupt 1
  31          {
  32   1          static unsigned int Counter;
  33   1          
  34   1          // 重置定时器初始值
  35   1              TL0 = 0xA4;                             //设置定时初始值
  36   1              TH0 = 0xFF;                             //设置定时初始值
  37   1      
  38   1          // 中断1次为100us，100次即10ms
  39   1          Counter++;
  40   1          Counter%=100;
  41   1          
  42   1          // PWM输出
  43   1          if(Counter<Compare)
  44   1          {
  45   2              DA=1; //电机转动为1，停止为0
  46   2          }
  47   1          else
  48   1          {
  49   2              DA=0; //电机转动为1，停止为0
  50   2          }
  51   1      }


MODULE INFORMATION:   STATIC OVERLAYABLE
C51 COMPILER V9.60.7.0   MAIN                                                              04/30/2024 22:48:43 PAGE 2   

   CODE SIZE        =    130    ----
   CONSTANT SIZE    =   ----    ----
   XDATA SIZE       =   ----    ----
   PDATA SIZE       =   ----    ----
   DATA SIZE        =      4       1
   IDATA SIZE       =   ----    ----
   BIT SIZE         =   ----    ----
END OF MODULE INFORMATION.


C51 COMPILATION COMPLETE.  0 WARNING(S),  0 ERROR(S)
