C51 COMPILER V9.60.7.0   NIXIE                                                             04/29/2024 20:39:20 PAGE 1   


C51 COMPILER V9.60.7.0, COMPILATION OF MODULE NIXIE
OBJECT MODULE PLACED IN .\Objects\Nixie.obj
COMPILER INVOKED BY: D:\Program\MDK51_32\C51\BIN\C51.EXE Nixie.c OPTIMIZE(8,SPEED) BROWSE DEBUG OBJECTEXTEND PRINT(.\Lis
                    -tings\Nixie.lst) OBJECT(.\Objects\Nixie.obj)

line level    source

   1          #include <REGX52.H>
   2          #include "Delay.h"
   3          
   4          unsigned char NixieTable[] = {
   5                  0x3f, 
   6                  0x06, 
   7                  0x5b, 
   8                  0x4f, 
   9                  0x66,
  10                  0x6d, 
  11                  0x7d, 
  12                  0x07, 
  13                  0x7f, 
  14                  0x6f
  15          };
  16          
  17          void Nixie(unsigned char Location, Number)
  18          {
  19   1              switch(Location)
  20   1              {
  21   2                      case 1: P2_4=1; P2_3=1; P2_2=1; break;
  22   2                      case 2: P2_4=1; P2_3=1; P2_2=0; break;
  23   2                      case 3: P2_4=1; P2_3=0; P2_2=1; break;
  24   2                      case 4: P2_4=1; P2_3=0; P2_2=0; break;
  25   2                      case 5: P2_4=0; P2_3=1; P2_2=1; break;
  26   2                      case 6: P2_4=0; P2_3=1; P2_2=0; break;
  27   2                      case 7: P2_4=0; P2_3=0; P2_2=1; break;
  28   2                      case 8: P2_4=0; P2_3=0; P2_2=0; break;
  29   2                      default: break;
  30   2              }
  31   1      
  32   1              P0=NixieTable[Number];
  33   1      }


MODULE INFORMATION:   STATIC OVERLAYABLE
   CODE SIZE        =     99    ----
   CONSTANT SIZE    =   ----    ----
   XDATA SIZE       =   ----    ----
   PDATA SIZE       =   ----    ----
   DATA SIZE        =     10    ----
   IDATA SIZE       =   ----    ----
   BIT SIZE         =   ----    ----
END OF MODULE INFORMATION.


C51 COMPILATION COMPLETE.  0 WARNING(S),  0 ERROR(S)
