C51 COMPILER V9.60.7.0   MAIN                                                              04/21/2024 17:07:18 PAGE 1   


C51 COMPILER V9.60.7.0, COMPILATION OF MODULE MAIN
OBJECT MODULE PLACED IN .\Objects\main.obj
COMPILER INVOKED BY: D:\Program\MDK51_32\C51\BIN\C51.EXE main.c OPTIMIZE(8,SPEED) BROWSE DEBUG OBJECTEXTEND PRINT(.\List
                    -ings\main.lst) OBJECT(.\Objects\main.obj)

line level    source

   1          #include <REGX52.H>
   2          #include "MatrixLED.h"
   3          #include "Delay.h"
   4          
   5          // 用code修饰表示放入flash中，防止占用ram内存
   6          static const unsigned char code bitmap_bytes[] = {
   7              0x00,0x00,0x00,0x00,0x00,0x00,0x00,0x00,
   8              0x7F,0x08,0x08,0x08,0x7F,0x00,0x00,0x0E,
   9              0x15,0x15,0x15,0x0C,0x00,0x00,0x7F,0x01,
  10              0x02,0x00,0x00,0x7F,0x01,0x02,0x00,0x00,
  11              0x0E,0x11,0x11,0x0E,0x00,0x00,0x7D,0x00,
  12              0x00,0x00,0x00,0x00,0x00,0x00,0x00,0x00,
  13          };
  14          
  15          
  16          void main()
  17          {
  18   1          unsigned char i=0,OffSet=0,Count=0;
  19   1          MatrixLED_Init();
  20   1          while(1)
  21   1          {
  22   2              for(i=0;i<8;i++)
  23   2              {
  24   3                  MatrixLED_ShowColumn(i, bitmap_bytes[i+OffSet]);
  25   3              }
  26   2              if(++Count>10)
  27   2              {
  28   3                  Count=0;
  29   3                  if (++OffSet>40) OffSet=0;
  30   3              }
  31   2          }
  32   1      }


MODULE INFORMATION:   STATIC OVERLAYABLE
   CODE SIZE        =     64    ----
   CONSTANT SIZE    =     48    ----
   XDATA SIZE       =   ----    ----
   PDATA SIZE       =   ----    ----
   DATA SIZE        =   ----       3
   IDATA SIZE       =   ----    ----
   BIT SIZE         =   ----    ----
END OF MODULE INFORMATION.


C51 COMPILATION COMPLETE.  0 WARNING(S),  0 ERROR(S)
