C51 COMPILER V9.60.7.0   MAIN                                                              04/29/2024 20:48:27 PAGE 1   


C51 COMPILER V9.60.7.0, COMPILATION OF MODULE MAIN
OBJECT MODULE PLACED IN .\Objects\main.obj
COMPILER INVOKED BY: D:\Program\MDK51_32\C51\BIN\C51.EXE main.c OPTIMIZE(8,SPEED) BROWSE DEBUG OBJECTEXTEND PRINT(.\List
                    -ings\main.lst) OBJECT(.\Objects\main.obj)

line level    source

   1          #include <REGX52.H>
   2          #include "Delay.h"
   3          #include "Key.h"
   4          #include "Timer0.h"
   5          #include "Nixie.h"
   6          
   7          // LED灯引脚定义
   8          sbit LED=P2^0;
   9          // 电机引脚定义
  10          sbit Motor=P1^0;
  11          
  12          // PWM模型：计数器、比较值
  13          unsigned char Counter,Compare;
  14          // 键码
  15          unsigned char KeyNum;
  16          // 速度档位
  17          unsigned char Speed;
  18          
  19          void main()
  20          {
  21   1          Timer0_Init();
  22   1          Nixie(1,Speed);
  23   1          while(1)
  24   1          {
  25   2              KeyNum=Key();
  26   2              if(KeyNum==1)
  27   2              {
  28   3                  // 0,1~3档
  29   3                  Speed++;
  30   3                  Speed%=4;
  31   3                  
  32   3                  // 速度档位与比较值对应关系，速度档位决定占空比
  33   3                  if(Speed==0) Compare=0;
  34   3                  else if(Speed==1) Compare=50;
  35   3                  else if(Speed==2) Compare=75;
  36   3                  else if(Speed==3) Compare=100;
  37   3                  
  38   3                  // 显示速度档位
  39   3                  Nixie(1,Speed);
  40   3              }
  41   2              
  42   2          }
  43   1      }
  44          
  45          void Timer0_Routine() interrupt 1
  46          {
  47   1          static unsigned int Counter;
  48   1          
  49   1          // 重置定时器初始值
  50   1              TL0 = 0xA4;                             //设置定时初始值
  51   1              TH0 = 0xFF;                             //设置定时初始值
  52   1      
  53   1          // 中断1次为100us，100次即10ms
  54   1          Counter++;
C51 COMPILER V9.60.7.0   MAIN                                                              04/29/2024 20:48:27 PAGE 2   

  55   1          Counter%=100;
  56   1          
  57   1          // PWM输出
  58   1          if(Counter<Compare)
  59   1          {
  60   2              LED=0; //LED亮为0，灭为1
  61   2              Motor=1; //电机转动为1，停止为0
  62   2          }
  63   1          else
  64   1          {
  65   2              LED=1; //LED亮为0，灭为1
  66   2              Motor=0; //电机转动为1，停止为0
  67   2          }
  68   1      }


MODULE INFORMATION:   STATIC OVERLAYABLE
   CODE SIZE        =    161    ----
   CONSTANT SIZE    =   ----    ----
   XDATA SIZE       =   ----    ----
   PDATA SIZE       =   ----    ----
   DATA SIZE        =      6    ----
   IDATA SIZE       =   ----    ----
   BIT SIZE         =   ----    ----
END OF MODULE INFORMATION.


C51 COMPILATION COMPLETE.  0 WARNING(S),  0 ERROR(S)
