C51 COMPILER V9.60.7.0   MAIN                                                              04/27/2024 16:05:11 PAGE 1   


C51 COMPILER V9.60.7.0, COMPILATION OF MODULE MAIN
OBJECT MODULE PLACED IN .\Objects\main.obj
COMPILER INVOKED BY: D:\Program\MDK51_32\C51\BIN\C51.EXE main.c OPTIMIZE(8,SPEED) BROWSE DEBUG OBJECTEXTEND PRINT(.\List
                    -ings\main.lst) OBJECT(.\Objects\main.obj)

line level    source

   1          #include <REGX52.H>
   2          #include "Delay.h"
   3          #include "LCD1602.h"
   4          #include "DS18B20.h"
   5          
   6          // unsigned char Ack;            // 调试用
   7          
   8          float T;
   9          
  10          void ShowT()
  11          {
  12   1          // 正负
  13   1          if (T < 0)
  14   1          {
  15   2              LCD_ShowChar(2, 1, '-');
  16   2              T = -T;
  17   2          }
  18   1          else
  19   1          {
  20   2              LCD_ShowChar(2, 1, '+');
  21   2          }
  22   1          // 整数部分
  23   1          LCD_ShowNum(2, 2, T, 3);
  24   1          // 小数点
  25   1          LCD_ShowChar(2, 5, '.');
  26   1          // 小数部分
  27   1          LCD_ShowNum(2, 6, (unsigned long)(T * 10000) % 10000, 4);
  28   1      }
  29          
  30          void main()
  31          {
  32   1          DS18B20_ConvertT(); // 上电先转换一次温度，防止第一次读数据错误
  33   1          Delay(750);         // 转换位数为12位时，最大转换时间为750ms。延迟等待转换完成
  34   1          LCD_Init();
  35   1          LCD_ShowString(1, 1, "Temperature:");
  36   1      
  37   1          // Ack=OneWire_Init();       // 调试用
  38   1          // LCD_ShowNum(2,1,Ack,3);   // 调试用
  39   1      
  40   1          while (1)
  41   1          {
  42   2              DS18B20_ConvertT();  // 转换温度
  43   2              T = DS18B20_ReadT(); // 读取温度
  44   2              ShowT();
  45   2          }
  46   1      }


MODULE INFORMATION:   STATIC OVERLAYABLE
   CODE SIZE        =    178    ----
   CONSTANT SIZE    =     13    ----
   XDATA SIZE       =   ----    ----
   PDATA SIZE       =   ----    ----
   DATA SIZE        =      4    ----
C51 COMPILER V9.60.7.0   MAIN                                                              04/27/2024 16:05:11 PAGE 2   

   IDATA SIZE       =   ----    ----
   BIT SIZE         =   ----    ----
END OF MODULE INFORMATION.


C51 COMPILATION COMPLETE.  0 WARNING(S),  0 ERROR(S)
