C51 COMPILER V9.60.7.0   MAIN                                                              04/18/2024 22:30:06 PAGE 1   


C51 COMPILER V9.60.7.0, COMPILATION OF MODULE MAIN
OBJECT MODULE PLACED IN .\Objects\main.obj
COMPILER INVOKED BY: D:\Program\Keil5\C51\BIN\C51.EXE main.c OPTIMIZE(8,SPEED) BROWSE DEBUG OBJECTEXTEND PRINT(.\Listing
                    -s\main.lst) TABS(2) OBJECT(.\Objects\main.obj)

line level    source

   1          #include <REGX52.H>
   2          
   3          // 0
   4          // dp g f e d c b a
   5          // 0  0 1 1 1 1 1 1
   6          // 0x3F
   7          
   8          // 1
   9          // dp g f e d c b a
  10          // 0  0 0 0 0 1 1 0
  11          // 0x06
  12          
  13          // 2
  14          // dp g f e d c b a
  15          // 0  1 0 1 1 0 1 1
  16          // 0x5B
  17          
  18          // 3
  19          // dp g f e d c b a
  20          // 0  1 0 0 1 1 1 1
  21          // 0x4F
  22          
  23          // 4
  24          // dp g f e d c b a
  25          // 0  1 1 0 0 1 1 0
  26          // 0x66
  27          
  28          // 5
  29          // dp g f e d c b a
  30          // 0  1 1 0 1 1 0 1
  31          // 0x6D
  32          
  33          // 6
  34          // dp g f e d c b a
  35          // 0  1 1 1 1 1 0 1
  36          // 0x7D
  37          
  38          // 7
  39          // dp g f e d c b a
  40          // 0  0 0 0 0 1 1 1
  41          // 0x07
  42          
  43          // 8
  44          // dp g f e d c b a
  45          // 0  1 1 1 1 1 1 1
  46          // 0x7F
  47          
  48          // 9
  49          // dp g f e d c b a
  50          // 0  1 1 0 1 1 1 1
  51          // 0x6F
  52          
  53          unsigned char NixieTable[] = {
  54            0x3f, 
C51 COMPILER V9.60.7.0   MAIN                                                              04/18/2024 22:30:06 PAGE 2   

  55            0x06, 
  56            0x5b, 
  57            0x4f, 
  58            0x66,
  59            0x6d, 
  60            0x7d, 
  61            0x07, 
  62            0x7f, 
  63            0x6f
  64          };
  65          
  66          void Nixie(unsigned char Location, Number)
  67          {
  68   1        switch(Location)
  69   1        {
  70   2          // 1 => LED8 => Y7 => 111
  71   2          case 1: P2_4=1; P2_3=1; P2_2=1; break;
  72   2          // 2 => LED7 => Y6 => 110
  73   2          case 2: P2_4=1; P2_3=1; P2_2=0; break;
  74   2          // 3 => LED6 => Y5 => 101
  75   2          case 3: P2_4=1; P2_3=0; P2_2=1; break;
  76   2          // 4 => LED5 => Y4 => 100
  77   2          case 4: P2_4=1; P2_3=0; P2_2=0; break;
  78   2          // 5 => LED4 => Y3 => 011
  79   2          case 5: P2_4=0; P2_3=1; P2_2=1; break;
  80   2          // 6 => LED3 => Y2 => 010
  81   2          case 6: P2_4=0; P2_3=1; P2_2=0; break;
  82   2          // 7 => LED2 => Y1 => 001
  83   2          case 7: P2_4=0; P2_3=0; P2_2=1; break;
  84   2          // 8 => LED1 => Y0 => 000
  85   2          case 8: P2_4=0; P2_3=0; P2_2=0; break;
  86   2          default: break;
  87   2        }
  88   1      
  89   1        P0=NixieTable[Number];
  90   1      }
  91          
  92          
  93          void main()
  94          {     
  95   1        //Nixie(7, 2);
  96   1        Nixie(2, 3);
  97   1        while(1)
  98   1        {
  99   2          
 100   2        }
 101   1      }


MODULE INFORMATION:   STATIC OVERLAYABLE
   CODE SIZE        =    110    ----
   CONSTANT SIZE    =   ----    ----
   XDATA SIZE       =   ----    ----
   PDATA SIZE       =   ----    ----
   DATA SIZE        =     10    ----
   IDATA SIZE       =   ----    ----
   BIT SIZE         =   ----    ----
END OF MODULE INFORMATION.


C51 COMPILATION COMPLETE.  0 WARNING(S),  0 ERROR(S)
