C51 COMPILER V9.60.7.0   DELAY                                                             05/01/2024 22:49:07 PAGE 1   


C51 COMPILER V9.60.7.0, COMPILATION OF MODULE DELAY
OBJECT MODULE PLACED IN .\Objects\Delay.obj
COMPILER INVOKED BY: D:\Program\MDK51_32\C51\BIN\C51.EXE Delay.c OPTIMIZE(8,SPEED) BROWSE DEBUG OBJECTEXTEND PRINT(.\Lis
                    -tings\Delay.lst) OBJECT(.\Objects\Delay.obj)

line level    source

   1          #include <INTRINS.H>
   2          
   3          /**
   4            * @brief 1ms@11.0592MHz
   5            * @param  xms 毫秒数
   6            * @retval 无
   7            */
   8          void Delay(unsigned int xms)
   9          {
  10   1              unsigned char data i, j;
  11   1      
  12   1              while(xms--)
  13   1              {
  14   2              _nop_();
  15   2                      i = 2;
  16   2                      j = 199;
  17   2                      do
  18   2                      {
  19   3                              while (--j);
  20   3                      } while (--i);
  21   2              }
  22   1      }


MODULE INFORMATION:   STATIC OVERLAYABLE
   CODE SIZE        =     22    ----
   CONSTANT SIZE    =   ----    ----
   XDATA SIZE       =   ----    ----
   PDATA SIZE       =   ----    ----
   DATA SIZE        =   ----    ----
   IDATA SIZE       =   ----    ----
   BIT SIZE         =   ----    ----
END OF MODULE INFORMATION.


C51 COMPILATION COMPLETE.  0 WARNING(S),  0 ERROR(S)
