C51 COMPILER V9.60.7.0   MAIN                                                              05/02/2024 00:06:55 PAGE 1   


C51 COMPILER V9.60.7.0, COMPILATION OF MODULE MAIN
OBJECT MODULE PLACED IN .\Objects\main.obj
COMPILER INVOKED BY: D:\Program\MDK51_32\C51\BIN\C51.EXE main.c OPTIMIZE(8,SPEED) BROWSE DEBUG OBJECTEXTEND PRINT(.\List
                    -ings\main.lst) OBJECT(.\Objects\main.obj)

line level    source

   1          #include <REGX52.H>
   2          #include "Delay.h"
   3          #include "Timer0.h"
   4          #include "LCD1602.h"
   5          #include "IR.h"
   6          
   7          unsigned char Address,Command;
   8          unsigned char Num;
   9          
  10          void main()
  11          {
  12   1          LCD1602_Init();
  13   1          LCD1602_ShowStr(1,1,"ADD");
  14   1          LCD1602_ShowStr(1,6,"COM");
  15   1          LCD1602_ShowStr(1,11,"NUM");
  16   1          LCD1602_ShowNum(2,1,0,2);
  17   1          LCD1602_ShowHexNum(2,6,0,2);
  18   1          LCD1602_ShowNum(2,11,0,3);
  19   1          
  20   1          IR_Init();
  21   1          
  22   1          while(1)
  23   1          {
  24   2              if(IR_GetDataFlag() || IR_GetRepeatFlag())
  25   2              {
  26   3                  Address=IR_GetAddress();
  27   3                  Command=IR_GetCommand();
  28   3                  
  29   3                  if(Command==IR_VOL_MINUS)
  30   3                  {
  31   4                      Num--;
  32   4                  }
  33   3                  else if(Command==IR_VOL_ADD)
  34   3                  {
  35   4                      Num++;
  36   4                  }
  37   3                  
  38   3                  LCD1602_ShowNum(2,1,Address,2);
  39   3                  LCD1602_ShowHexNum(2,6,Command,2);
  40   3                  LCD1602_ShowNum(2,11,Num,3);
  41   3              }
  42   2          }
  43   1      }


MODULE INFORMATION:   STATIC OVERLAYABLE
   CODE SIZE        =    169    ----
   CONSTANT SIZE    =     12    ----
   XDATA SIZE       =   ----    ----
   PDATA SIZE       =   ----    ----
   DATA SIZE        =      3    ----
   IDATA SIZE       =   ----    ----
   BIT SIZE         =   ----    ----
END OF MODULE INFORMATION.

C51 COMPILER V9.60.7.0   MAIN                                                              05/02/2024 00:06:55 PAGE 2   


C51 COMPILATION COMPLETE.  0 WARNING(S),  0 ERROR(S)
