C51 COMPILER V9.60.7.0   MATRIXKEY                                                         04/20/2024 12:31:20 PAGE 1   


C51 COMPILER V9.60.7.0, COMPILATION OF MODULE MATRIXKEY
OBJECT MODULE PLACED IN .\Objects\MatrixKey.obj
COMPILER INVOKED BY: D:\Program\Keil5\C51\BIN\C51.EXE MatrixKey.c OPTIMIZE(8,SPEED) BROWSE DEBUG OBJECTEXTEND PRINT(.\Li
                    -stings\MatrixKey.lst) OBJECT(.\Objects\MatrixKey.obj)

line level    source

   1          #include <REGX52.H>
   2          #include "Delay.h"
   3          
   4          /**
   5            * @brief 按下矩阵键盘，返回对应数字
   6            * @param  无
   7            * @retval KeyNumber
   8            */
   9          unsigned char MatrixKey()
  10          {
  11   1          unsigned char KeyNumber=0;
  12   1          
  13   1          // 扫描第一列
  14   1          P1=0xFF;
  15   1          P1_3=0;
  16   1          if(P1_7==0){Delay(20);while(P1_7==0);Delay(20);KeyNumber=1;}
  17   1          if(P1_6==0){Delay(20);while(P1_6==0);Delay(20);KeyNumber=5;}
  18   1          if(P1_5==0){Delay(20);while(P1_5==0);Delay(20);KeyNumber=9;}
  19   1          if(P1_4==0){Delay(20);while(P1_4==0);Delay(20);KeyNumber=13;}
  20   1              
  21   1          // 扫描第二列
  22   1          P1=0xFF;
  23   1          P1_2=0;
  24   1          if(P1_7==0){Delay(20);while(P1_7==0);Delay(20);KeyNumber=2;}
  25   1          if(P1_6==0){Delay(20);while(P1_6==0);Delay(20);KeyNumber=6;}
  26   1          if(P1_5==0){Delay(20);while(P1_5==0);Delay(20);KeyNumber=10;}
  27   1          if(P1_4==0){Delay(20);while(P1_4==0);Delay(20);KeyNumber=14;}
  28   1          
  29   1              
  30   1          // 扫描第三列
  31   1          P1=0xFF;
  32   1          P1_1=0;
  33   1          if(P1_7==0){Delay(20);while(P1_7==0);Delay(20);KeyNumber=3;}
  34   1          if(P1_6==0){Delay(20);while(P1_6==0);Delay(20);KeyNumber=7;}
  35   1          if(P1_5==0){Delay(20);while(P1_5==0);Delay(20);KeyNumber=11;}
  36   1          if(P1_4==0){Delay(20);while(P1_4==0);Delay(20);KeyNumber=15;}
  37   1          
  38   1              
  39   1          // 扫描第四列
  40   1          P1=0xFF;
  41   1          P1_0=0;
  42   1          if(P1_7==0){Delay(20);while(P1_7==0);Delay(20);KeyNumber=4;}
  43   1          if(P1_6==0){Delay(20);while(P1_6==0);Delay(20);KeyNumber=8;}
  44   1          if(P1_5==0){Delay(20);while(P1_5==0);Delay(20);KeyNumber=12;}
  45   1          if(P1_4==0){Delay(20);while(P1_4==0);Delay(20);KeyNumber=16;}
  46   1          
  47   1          return KeyNumber;
  48   1      }


MODULE INFORMATION:   STATIC OVERLAYABLE
   CODE SIZE        =    393    ----
   CONSTANT SIZE    =   ----    ----
   XDATA SIZE       =   ----    ----
C51 COMPILER V9.60.7.0   MATRIXKEY                                                         04/20/2024 12:31:20 PAGE 2   

   PDATA SIZE       =   ----    ----
   DATA SIZE        =   ----       1
   IDATA SIZE       =   ----    ----
   BIT SIZE         =   ----    ----
END OF MODULE INFORMATION.


C51 COMPILATION COMPLETE.  0 WARNING(S),  0 ERROR(S)
