C51 COMPILER V9.60.7.0   MAIN                                                              04/21/2024 16:01:13 PAGE 1   


C51 COMPILER V9.60.7.0, COMPILATION OF MODULE MAIN
OBJECT MODULE PLACED IN .\Objects\main.obj
COMPILER INVOKED BY: D:\Program\MDK51_32\C51\BIN\C51.EXE main.c OPTIMIZE(8,SPEED) BROWSE DEBUG OBJECTEXTEND PRINT(.\List
                    -ings\main.lst) OBJECT(.\Objects\main.obj)

line level    source

   1          #include <REGX52.H>
   2          #include "MatrixLED.h"
   3          #include "Delay.h"
   4          
   5          unsigned char Datas1[] = {0x38,0x7C,0x7E,0x3F,0x3F,0x7E,0x7C,0x38}; // 爱心
   6          unsigned char Datas2[] = {0x3C,0x52,0xD3,0x46,0x46,0xD3,0x52,0x3C}; // bilibili
   7          
   8          void main()
   9          {
  10   1          MatrixLED_Init();
  11   1          while(1)
  12   1          {
  13   2              int i,j;
  14   2      //        for(i=0;i<8;i++)
  15   2      //        {
  16   2      //            MatrixLED_ShowColumn(i, Datas1[i]);
  17   2      //        } 
  18   2              for(j=0;j<8;j++)
  19   2              {
  20   3                  MatrixLED_ShowColumn(j, Datas2[j]);
  21   3              }
  22   2      
  23   2          }
  24   1      }
*** WARNING C280 IN LINE 13 OF main.c: 'i': unreferenced local variable


MODULE INFORMATION:   STATIC OVERLAYABLE
   CODE SIZE        =     42    ----
   CONSTANT SIZE    =   ----    ----
   XDATA SIZE       =   ----    ----
   PDATA SIZE       =   ----    ----
   DATA SIZE        =     16       4
   IDATA SIZE       =   ----    ----
   BIT SIZE         =   ----    ----
END OF MODULE INFORMATION.


C51 COMPILATION COMPLETE.  1 WARNING(S),  0 ERROR(S)
