C51 COMPILER V9.60.7.0   MAIN                                                              04/22/2024 22:58:13 PAGE 1   


C51 COMPILER V9.60.7.0, COMPILATION OF MODULE MAIN
OBJECT MODULE PLACED IN .\Objects\main.obj
COMPILER INVOKED BY: D:\Program\MDK51_32\C51\BIN\C51.EXE main.c OPTIMIZE(8,SPEED) BROWSE DEBUG OBJECTEXTEND PRINT(.\List
                    -ings\main.lst) OBJECT(.\Objects\main.obj)

line level    source

   1          #include <REGX52.H>
   2          #include "LCD1602.h"
   3          #include "DS1302.h"
   4          
   5          const char *WeekDay[] = {"Sun", "Mon", "Tue", "Wed", "Thu", "Fri", "Sat"};
   6          
   7          void main()
   8          {
   9   1          LCD_Init();
  10   1          DS1302_Init();
  11   1          
  12   1          LCD_ShowString(1,1,"  -  -  ");
  13   1          LCD_ShowString(2,1,"  :  :  ");
  14   1          
  15   1          DS1302_SetTime();
  16   1          while(1)
  17   1          {
  18   2              DS1302_GetTime();
  19   2      
  20   2              LCD_ShowNum(1,1,DS1302_DateTime[0],2);
  21   2              LCD_ShowNum(1,4,DS1302_DateTime[1],2);
  22   2              LCD_ShowNum(1,7,DS1302_DateTime[2],2);
  23   2              
  24   2              LCD_ShowString(1,10,WeekDay[DS1302_DateTime[6]%7]);
  25   2              
  26   2              LCD_ShowNum(2,1,DS1302_DateTime[3],2);
  27   2              LCD_ShowNum(2,4,DS1302_DateTime[4],2);
  28   2              LCD_ShowNum(2,7,DS1302_DateTime[5],2);
  29   2          }
  30   1      }


MODULE INFORMATION:   STATIC OVERLAYABLE
   CODE SIZE        =    160    ----
   CONSTANT SIZE    =     46    ----
   XDATA SIZE       =   ----    ----
   PDATA SIZE       =   ----    ----
   DATA SIZE        =     21    ----
   IDATA SIZE       =   ----    ----
   BIT SIZE         =   ----    ----
END OF MODULE INFORMATION.


C51 COMPILATION COMPLETE.  0 WARNING(S),  0 ERROR(S)
