C51 COMPILER V9.60.7.0   DATETIME                                                          04/20/2024 20:13:27 PAGE 1   


C51 COMPILER V9.60.7.0, COMPILATION OF MODULE DATETIME
OBJECT MODULE PLACED IN .\Objects\DateTime.obj
COMPILER INVOKED BY: D:\Program\Keil5\C51\BIN\C51.EXE DateTime.c OPTIMIZE(8,SPEED) BROWSE DEBUG OBJECTEXTEND PRINT(.\Lis
                    -tings\DateTime.lst) OBJECT(.\Objects\DateTime.obj)

line level    source

   1          unsigned int days[]= {31,29,31,30,31,30,31,31,30,31,30,31};
   2          
   3          /**
   4            * @brief 获取二月天数
   5            * @param  无
   6            * @retval 无
   7            */
   8          unsigned int GetFebruaryDay(unsigned int year)
   9          {
  10   1          // 大闰年
  11   1          if(year%400 == 0)
  12   1              return 29;
  13   1          // 小闰年
  14   1          else if(year%4 == 0 && year%100 != 0) 
  15   1              return 29;
  16   1          // 非闰年
  17   1          else 
  18   1              return 28;
  19   1      }
  20          
  21          /**
  22            * @brief 获取某月天数
  23            * @param  无
  24            * @retval 无
  25            */
  26          unsigned int GetDay(unsigned int year, unsigned int month)
  27          {
  28   1          unsigned int day = days[month-1];
  29   1          if(month == 2) 
  30   1              GetFebruaryDay(year);
  31   1          return day;
  32   1      }


MODULE INFORMATION:   STATIC OVERLAYABLE
   CODE SIZE        =     76    ----
   CONSTANT SIZE    =   ----    ----
   XDATA SIZE       =   ----    ----
   PDATA SIZE       =   ----    ----
   DATA SIZE        =     24    ----
   IDATA SIZE       =   ----    ----
   BIT SIZE         =   ----    ----
END OF MODULE INFORMATION.


C51 COMPILATION COMPLETE.  0 WARNING(S),  0 ERROR(S)
