C51 COMPILER V9.60.7.0   MAIN                                                              04/20/2024 21:24:54 PAGE 1   


C51 COMPILER V9.60.7.0, COMPILATION OF MODULE MAIN
OBJECT MODULE PLACED IN .\Objects\main.obj
COMPILER INVOKED BY: D:\Program\MDK51_32\C51\BIN\C51.EXE main.c OPTIMIZE(8,SPEED) BROWSE DEBUG OBJECTEXTEND PRINT(.\List
                    -ings\main.lst) OBJECT(.\Objects\main.obj)

line level    source

   1          #include <REG52.H>
   2          #include "Timer0.h"
   3          #include "LCD1602.h"
   4          #include "DateTime.h"
   5          
   6          unsigned int year=2024,month=4,day=30,hour=23,minute=59,second=56;
   7          
   8          /**
   9            * @brief 计算日期时间
  10            * @param  无
  11            * @retval 无
  12            */
  13          void CalcDateTime()
  14          {
  15   1          if(++second<60) return;
  16   1          second=0;
  17   1      
  18   1          if(++minute<60) return;
  19   1          minute=0;
  20   1      
  21   1          if(++hour<24) return;
  22   1          hour=0;
  23   1          
  24   1          if(++day<=GetDay(year, month)) return;
  25   1          day=1;
  26   1      
  27   1          if(++month<=12) return;
  28   1          month=1;
  29   1      
  30   1          if(++year<=9999) return;
  31   1          year=1;
  32   1      }
  33          
  34          /**
  35            * @brief 显示日期时间
  36            * @param  无
  37            * @retval 无
  38            */
  39          void ShowDateTime()
  40          {
  41   1          LCD_ShowNum(1,1,year,4);
  42   1          LCD_ShowNum(1,6,month, 2);
  43   1          LCD_ShowNum(1,9,day,2);
  44   1          LCD_ShowNum(2,1,hour,2);
  45   1          LCD_ShowNum(2,4,minute,2);
  46   1          LCD_ShowNum(2,7,second,2);
  47   1      }
  48          
  49          void main()
  50          {
  51   1          // 初始化
  52   1          LCD_Init();
  53   1          Timer0_Init();
  54   1          
C51 COMPILER V9.60.7.0   MAIN                                                              04/20/2024 21:24:54 PAGE 2   

  55   1          // 显示固定内容
  56   1          LCD_ShowString(1,1,"    -  -");
  57   1          LCD_ShowString(2,1,"  :  :");
  58   1              while(1)
  59   1              {
  60   2              // 显示日期时间
  61   2                      ShowDateTime();
  62   2              }
  63   1      }
  64          
  65          void Timer0_Rountine() interrupt 1
  66          {
  67   1          static unsigned int Counter;
  68   1          
  69   1          // 重置定时器初始值
  70   1              TL0 = 0x66;
  71   1              TH0 = 0xFC;
  72   1          
  73   1          // 中断1次为1ms，500次即0.5s
  74   1          if(++Counter>=1000)
  75   1          {
  76   2              Counter=0;
  77   2              
  78   2              // 计算日期时间
  79   2              CalcDateTime();
  80   2          }
  81   1      }


MODULE INFORMATION:   STATIC OVERLAYABLE
   CODE SIZE        =    355    ----
   CONSTANT SIZE    =     16    ----
   XDATA SIZE       =   ----    ----
   PDATA SIZE       =   ----    ----
   DATA SIZE        =     14    ----
   IDATA SIZE       =   ----    ----
   BIT SIZE         =   ----    ----
END OF MODULE INFORMATION.


C51 COMPILATION COMPLETE.  0 WARNING(S),  0 ERROR(S)
