C51 COMPILER V9.60.7.0   TIMER0                                                            04/20/2024 18:19:11 PAGE 1   


C51 COMPILER V9.60.7.0, COMPILATION OF MODULE TIMER0
OBJECT MODULE PLACED IN .\Objects\Timer0.obj
COMPILER INVOKED BY: D:\Program\Keil5\C51\BIN\C51.EXE Timer0.c OPTIMIZE(8,SPEED) BROWSE DEBUG OBJECTEXTEND PRINT(.\Listi
                    -ngs\Timer0.lst) OBJECT(.\Objects\Timer0.obj)

line level    source

   1          #include <REGX52.H>
   2          
   3          /**
   4            * @brief 定时器0初始化，1毫秒@11.0592MHz
   5            * @param  无
   6            * @retval 无
   7            */
   8          void Timer0_Init(void)
   9          {
  10   1          // 1、设置定时器/计数器工作模式寄存器TMOD
  11   1          //       7     6    5    4      3      2    1    0
  12   1          //   |======================||======================|
  13   1          //   | GATE | C/T | M1 | M0 || GATE | C/T | M1 | M0 |
  14   1          //   |========定时器1=======||=======定时器0========|
  15   1          //    M1    MO  定时器定时器/计数器1模式选择
  16   1          //    0     0   13位定时器/计数器，兼容8048定时模式，TL1只用低5位参与分频，TH1
             -整个8位全用。
  17   1          //    0     1   16位定时器/计数器，TL1、TH1全用
  18   1          //    1     0   8位自动重装载定时器，当溢出时将TH1存放的值自动重装入TL1.
  19   1          //    1     1   定时器/计数器1此时无效（停止计数）。
  20   1              TMOD &= 0xF0;   // 高4位不变，低4位清零
  21   1              TMOD |= 0x01;   // 高4位不变，低4位置一
  22   1          
  23   1          
  24   1          // 2、设置计数器0初始值
  25   1              TL0 = 0x66;     // Timer Low  0（8bit）
  26   1              TH0 = 0xFC;     // Timer High 0（8bit）
  27   1          
  28   1          
  29   1          // 3、定时器/计数器0控制寄存器TCON
  30   1          //      B7   B6    B5    B4     B3    B2    B1    B0
  31   1          //   |=======================||=======================|
  32   1          //   | TF1 | TR1 | TF0 | TR0 || IE1 | IT1 | IE0 | IT0 |
  33   1          //   |=======================||=======================|
  34   1              TF0 = 0;    // 定时器0溢出中断标志置0
  35   1              TR0 = 1;    // 定时器0的运行控制位置1
  36   1          
  37   1          
  38   1          // 4、中断允许寄存器IE和XICON
  39   1          //     B7   B6  B5    B4    B3    B2    B1    B0
  40   1          //   |===================||=======================|
  41   1          //   | EA | - | ET2 | ES || ET1 | EX1 | ET0 | EX0 |
  42   1          //   |===================||=======================|
  43   1          ET0=1;      // T0的溢出中断允许位
  44   1          EA=1;       // CPU的总中断允许控制位
  45   1          
  46   1          
  47   1          // 5、中断优先级控制寄存器IP/XICON和IPH
  48   1          //          IPH：中断优先级控制寄存器高（不可位寻址）
  49   1          //      B7     B6    B5    B4      B3     B2     B1     B0
  50   1          //   |=========================||===========================|
  51   1          //   | PX3H | PX2H | PT2 | PSH || PT1H | PX1H | PT0H | PX0H |
  52   1          //   |=========================||===========================|
  53   1          //
C51 COMPILER V9.60.7.0   TIMER0                                                            04/20/2024 18:19:11 PAGE 2   

  54   1          //          XICON：辅助中断控制寄存器  （可位寻址）
  55   1          //     B7    B6    B5    B4     B3    B2    B1    B0
  56   1          //   |=======================||=======================|
  57   1          //   | PX3 | EX3 | IE3 | IT3 || PX2 | EX2 | IE2 | IT2 |
  58   1          //   |=======================||=======================|
  59   1          //
  60   1          //          IP:中断优先级控制寄存器低 （可位寻址）
  61   1          //     B7  B6  B5    B4    B3    B2    B1    B0
  62   1          //   |==================||=======================|
  63   1          //   | - | - | PT2 | PS || PT1 | PX1 | PT0 | PX0 |
  64   1          //   |==================||=======================|
  65   1          PT0=0;
  66   1      }
  67          
  68          /* 
  69          void Int0_Routine(void)     interrupt 0;
  70          void Timer0_Rountine(void)  interrupt 1;
  71          void Int1_Routine(void)     interrupt 2;
  72          void Timer1_Rountine(void)  interrupt 3:
  73          void UART_Routine(void)     interrupt 4;
  74          void Timer2_Routine(void)   interrupt 5;
  75          void Int2_Routine(void)     interrupt 6;
  76          void Int3_Routine(void)     interrupt 7;
  77          
  78          定时器0终端执行程序
  79          void Timer0_Routine() interrupt 0
  80          {
  81              static unsigned int Counter;
  82              
  83              // 中断1次为1ms，1000次即1s
  84              if(++Counter>=1000)
  85              {
  86                  Counter=0;
  87             
  88                  // TODO
  89              }
  90          }
  91          */


MODULE INFORMATION:   STATIC OVERLAYABLE
   CODE SIZE        =     23    ----
   CONSTANT SIZE    =   ----    ----
   XDATA SIZE       =   ----    ----
   PDATA SIZE       =   ----    ----
   DATA SIZE        =   ----    ----
   IDATA SIZE       =   ----    ----
   BIT SIZE         =   ----    ----
END OF MODULE INFORMATION.


C51 COMPILATION COMPLETE.  0 WARNING(S),  0 ERROR(S)
