C51 COMPILER V9.60.7.0   KEY                                                               04/30/2024 22:22:24 PAGE 1   


C51 COMPILER V9.60.7.0, COMPILATION OF MODULE KEY
OBJECT MODULE PLACED IN .\Objects\Key.obj
COMPILER INVOKED BY: D:\Program\MDK51_32\C51\BIN\C51.EXE Key.c OPTIMIZE(8,SPEED) BROWSE DEBUG OBJECTEXTEND PRINT(.\Listi
                    -ngs\Key.lst) OBJECT(.\Objects\Key.obj)

line level    source

   1          #include <REGX52.H>
   2          #include "Delay.h"
   3          /**
   4            * @brief 获取独立按键键码
   5            * @param  无
   6            * @retval 范围0~4，默认无按键按下为0
   7            */
   8          unsigned char Key(void)
   9          {
  10   1          unsigned char KeyNum=0;
  11   1          
  12   1          if(P3_1==0){Delay(20);while(P3_1==0)Delay(20);KeyNum=1;}
  13   1          if(P3_0==0){Delay(20);while(P3_0==0)Delay(20);KeyNum=2;}
  14   1          if(P3_2==0){Delay(20);while(P3_2==0)Delay(20);KeyNum=3;}
  15   1          if(P3_3==0){Delay(20);while(P3_3==0)Delay(20);KeyNum=4;}
  16   1          
  17   1          return KeyNum;
  18   1      }


MODULE INFORMATION:   STATIC OVERLAYABLE
   CODE SIZE        =     89    ----
   CONSTANT SIZE    =   ----    ----
   XDATA SIZE       =   ----    ----
   PDATA SIZE       =   ----    ----
   DATA SIZE        =   ----       1
   IDATA SIZE       =   ----    ----
   BIT SIZE         =   ----    ----
END OF MODULE INFORMATION.


C51 COMPILATION COMPLETE.  0 WARNING(S),  0 ERROR(S)
