C51 COMPILER V9.60.7.0   XPT2046                                                           04/30/2024 22:35:31 PAGE 1   


C51 COMPILER V9.60.7.0, COMPILATION OF MODULE XPT2046
OBJECT MODULE PLACED IN .\Objects\XPT2046.obj
COMPILER INVOKED BY: D:\Program\MDK51_32\C51\BIN\C51.EXE XPT2046.c OPTIMIZE(8,SPEED) BROWSE DEBUG OBJECTEXTEND PRINT(.\L
                    -istings\XPT2046.lst) OBJECT(.\Objects\XPT2046.obj)

line level    source

   1          #include <REGX52.H>
   2          #include "Delay.h"
   3          
   4          // 定义XPT2046引脚
   5          sbit XPT2046_CS=P3^5;
   6          sbit XPT2046_DCLK=P3^6;
   7          sbit XPT2046_DIN=P3^4;
   8          sbit XPT2046_DOUT=P3^7;
   9          
  10          /**
  11            * @brief 读取AD数值
  12            * @param  Command     命令字 
  13            * @param  Resolution  分辨率，为 8 选择 8 位为转换分辨率，为 12 选择 12 位分辨率
  14            * @retval ADValue     AD值，8 位为 0~255，12 位为 0~4095
  15            */
  16          unsigned int XPT2046_ReadAD(unsigned char Command,unsigned char Resolution)
  17          {
  18   1          unsigned char i;
  19   1          unsigned int ADValue=0;
  20   1          
  21   1          // 12 位分辨率
  22   1          if(Resolution==12){Command&=0xF4;}
  23   1          
  24   1          XPT2046_DCLK=0;
  25   1          XPT2046_CS=0;
  26   1          for(i=0;i<8;i++)
  27   1          {
  28   2              XPT2046_DIN=Command&(0x80>>i);
  29   2              XPT2046_DCLK=1;
  30   2              XPT2046_DCLK=0;
  31   2          }
  32   1          for(i=0;i<16;i++)
  33   1          {
  34   2              XPT2046_DCLK=1;
  35   2              XPT2046_DCLK=0;
  36   2              if(XPT2046_DOUT){ADValue|=(0x8000>>i);};
  37   2              Delay(1);
  38   2          }
  39   1          XPT2046_CS=1;
  40   1          
  41   1          if(Resolution==12) return ADValue>>4;
  42   1          else return ADValue>>8;
  43   1      }


MODULE INFORMATION:   STATIC OVERLAYABLE
   CODE SIZE        =    137    ----
   CONSTANT SIZE    =   ----    ----
   XDATA SIZE       =   ----    ----
   PDATA SIZE       =   ----    ----
   DATA SIZE        =   ----       4
   IDATA SIZE       =   ----    ----
   BIT SIZE         =   ----    ----
END OF MODULE INFORMATION.

C51 COMPILER V9.60.7.0   XPT2046                                                           04/30/2024 22:35:31 PAGE 2   


C51 COMPILATION COMPLETE.  0 WARNING(S),  0 ERROR(S)
