C51 COMPILER V9.60.7.0   MAIN                                                              04/20/2024 23:20:45 PAGE 1   


C51 COMPILER V9.60.7.0, COMPILATION OF MODULE MAIN
OBJECT MODULE PLACED IN .\Objects\main.obj
COMPILER INVOKED BY: D:\Program\MDK51_32\C51\BIN\C51.EXE main.c OPTIMIZE(8,SPEED) BROWSE DEBUG OBJECTEXTEND PRINT(.\List
                    -ings\main.lst) OBJECT(.\Objects\main.obj)

line level    source

   1          #include <STC89C5xRC.H>
   2          #include "Delay.h"
   3          #include "UART.h"
   4          
   5          void main()
   6          {
   7   1          UART_Init();
   8   1          while(1)
   9   1          {
  10   2      
  11   2          }
  12   1      }
  13          
  14          /**
  15            * @brief 串口中断子函数
  16            * @param  无
  17            * @retval 无
  18            */
  19          void UART_Routine(void)     interrupt 4
  20          {
  21   1          if(RI==1)
  22   1          {
  23   2              P2=~SBUF;
  24   2              UART_SendByte(SBUF);
  25   2              
  26   2              RI=0;
  27   2          }
  28   1      }


MODULE INFORMATION:   STATIC OVERLAYABLE
   CODE SIZE        =     78    ----
   CONSTANT SIZE    =   ----    ----
   XDATA SIZE       =   ----    ----
   PDATA SIZE       =   ----    ----
   DATA SIZE        =   ----    ----
   IDATA SIZE       =   ----    ----
   BIT SIZE         =   ----    ----
END OF MODULE INFORMATION.


C51 COMPILATION COMPLETE.  0 WARNING(S),  0 ERROR(S)
