C51 COMPILER V9.60.7.0   BUZZER                                                            04/24/2024 21:13:38 PAGE 1   


C51 COMPILER V9.60.7.0, COMPILATION OF MODULE BUZZER
OBJECT MODULE PLACED IN .\Objects\Buzzer.obj
COMPILER INVOKED BY: D:\Program\MDK51_32\C51\BIN\C51.EXE Buzzer.c OPTIMIZE(8,SPEED) BROWSE DEBUG OBJECTEXTEND PRINT(.\Li
                    -stings\Buzzer.lst) OBJECT(.\Objects\Buzzer.obj)

line level    source

   1          #include <REGX52.H>
   2          #include <INTRINS.H>
   3          
   4          // 蜂鸣器端口位定义
   5          sbit Buzzer=P2^5;  // 五线四项步进电机
   6          
   7          /**
   8            * @brief 蜂鸣器私有延时函数，@11.0592MHz
   9            * @param  无
  10            * @retval 无
  11            */
  12          void Buzzer_Delay500us(void)
  13          {
  14   1              unsigned char data i;
  15   1      
  16   1              _nop_();
  17   1              i = 227;
  18   1              while (--i);
  19   1      }
  20          
  21          
  22          void Buzzer_Beep(unsigned int ms)
  23          {
  24   1          unsigned int i;
  25   1          for(i=0;i<ms*2;i++)
  26   1          {
  27   2              Buzzer=!Buzzer;
  28   2              Buzzer_Delay500us();
  29   2          }
  30   1      }


MODULE INFORMATION:   STATIC OVERLAYABLE
   CODE SIZE        =     40    ----
   CONSTANT SIZE    =   ----    ----
   XDATA SIZE       =   ----    ----
   PDATA SIZE       =   ----    ----
   DATA SIZE        =   ----    ----
   IDATA SIZE       =   ----    ----
   BIT SIZE         =   ----    ----
END OF MODULE INFORMATION.


C51 COMPILATION COMPLETE.  0 WARNING(S),  0 ERROR(S)
