C51 COMPILER V9.60.7.0   MAIN                                                              05/02/2024 01:13:44 PAGE 1   


C51 COMPILER V9.60.7.0, COMPILATION OF MODULE MAIN
OBJECT MODULE PLACED IN .\Objects\main.obj
COMPILER INVOKED BY: D:\Program\MDK51_32\C51\BIN\C51.EXE main.c OPTIMIZE(8,SPEED) BROWSE DEBUG OBJECTEXTEND PRINT(.\List
                    -ings\main.lst) OBJECT(.\Objects\main.obj)

line level    source

   1          #include <REGX52.H>
   2          #include "Delay.h"
   3          #include "Key.h"
   4          #include "Timer0.h"
   5          #include "Nixie.h"
   6          #include "Motor.h"
   7          #include "IR.h"
   8          
   9          // 速度档位
  10          unsigned char Speed;
  11          // 红外遥控命令码
  12          unsigned char Command;
  13          
  14          
  15          void main()
  16          {
  17   1          Motor_Init();
  18   1          IR_Init();
  19   1          
  20   1          while(1)
  21   1          {
  22   2              if(IR_GetDataFlag())
  23   2              {
  24   3                  Command=IR_GetCommand();
  25   3                  
  26   3                  if(Command==IR_0) Speed=0;
  27   3                  else if(Command==IR_1) Speed=1;
  28   3                  else if(Command==IR_2) Speed=2;
  29   3                  else if(Command==IR_3) Speed=3;
  30   3                  
  31   3                  Motor_SetSpeed(Speed);
  32   3              }
  33   2              
  34   2              Nixie(1,Speed);
  35   2          }
  36   1      }


MODULE INFORMATION:   STATIC OVERLAYABLE
   CODE SIZE        =     72    ----
   CONSTANT SIZE    =   ----    ----
   XDATA SIZE       =   ----    ----
   PDATA SIZE       =   ----    ----
   DATA SIZE        =      2    ----
   IDATA SIZE       =   ----    ----
   BIT SIZE         =   ----    ----
END OF MODULE INFORMATION.


C51 COMPILATION COMPLETE.  0 WARNING(S),  0 ERROR(S)
