C51 COMPILER V9.60.7.0   MOTOR                                                             05/02/2024 01:26:37 PAGE 1   


C51 COMPILER V9.60.7.0, COMPILATION OF MODULE MOTOR
OBJECT MODULE PLACED IN .\Objects\Motor.obj
COMPILER INVOKED BY: D:\Program\MDK51_32\C51\BIN\C51.EXE Motor.c OPTIMIZE(8,SPEED) BROWSE DEBUG OBJECTEXTEND PRINT(.\Lis
                    -tings\Motor.lst) OBJECT(.\Objects\Motor.obj)

line level    source

   1          #include <REGX52.H>
   2          #include "Timer1.h"
   3          
   4          // 电机引脚定义
   5          sbit Motor=P1^0;
   6          
   7          // PWM模型：计数器、比较值
   8          unsigned char Counter,Compare;
   9          
  10          void Motor_Init()
  11          {
  12   1          Timer1_Init();
  13   1      }
  14          
  15          /**
  16            * @brief 设置速度档位
  17            * @param  无
  18            * @retval 无
  19            */
  20          void Motor_SetSpeed(unsigned char Speed)
  21          {
  22   1          // 速度档位与比较值对应关系，速度档位决定占空比
  23   1          if(Speed==0) Compare=0;
  24   1          else if(Speed==1) Compare=50;
  25   1          else if(Speed==2) Compare=75;
  26   1          else if(Speed==3) Compare=100;
  27   1      }
  28          
  29          /**
  30            * @brief 定时器1终端执行程序
  31            * @param  无
  32            * @retval 无
  33            */
  34          void Timer1_Routine() interrupt 3
  35          {
  36   1          static unsigned int Counter;
  37   1          
  38   1          // 重置定时器初始值
  39   1              TL1 = 0xA4;                             //设置定时初始值
  40   1              TH1 = 0xFF;                             //设置定时初始值
  41   1      
  42   1          // 中断1次为100us，100次即10ms
  43   1          Counter++;
  44   1          Counter%=100;
  45   1          
  46   1          // PWM输出
  47   1          if(Counter<Compare)
  48   1          {
  49   2              Motor=1; //电机转动为1，停止为0
  50   2          }
  51   1          else
  52   1          {
  53   2              Motor=0; //电机转动为1，停止为0
  54   2          }
C51 COMPILER V9.60.7.0   MOTOR                                                             05/02/2024 01:26:37 PAGE 2   

  55   1      }


MODULE INFORMATION:   STATIC OVERLAYABLE
   CODE SIZE        =    111    ----
   CONSTANT SIZE    =   ----    ----
   XDATA SIZE       =   ----    ----
   PDATA SIZE       =   ----    ----
   DATA SIZE        =      4    ----
   IDATA SIZE       =   ----    ----
   BIT SIZE         =   ----    ----
END OF MODULE INFORMATION.


C51 COMPILATION COMPLETE.  0 WARNING(S),  0 ERROR(S)
