C51 COMPILER V9.60.7.0   MAIN                                                              04/29/2024 20:01:51 PAGE 1   


C51 COMPILER V9.60.7.0, COMPILATION OF MODULE MAIN
OBJECT MODULE PLACED IN .\Objects\main.obj
COMPILER INVOKED BY: D:\Program\MDK51_32\C51\BIN\C51.EXE main.c OPTIMIZE(8,SPEED) BROWSE DEBUG OBJECTEXTEND PRINT(.\List
                    -ings\main.lst) OBJECT(.\Objects\main.obj)

line level    source

   1          #include <REGX52.H>
   2          
   3          // LED引脚定义
   4          sbit LED=P2^0;
   5          
   6          /**
   7            * @brief 简单延时函数
   8            * @param  t 延时次数
   9            * @retval 无
  10            */
  11          void Delay(unsigned char t)
  12          {
  13   1          while(t-->0);
  14   1      }
  15          
  16          void main()
  17          {
  18   1          unsigned char Total=100,Count=20,t,c;
  19   1          while(1)
  20   1          {
  21   2              // LED灯由暗到亮
  22   2              for(t=0;t<Total;t++)
  23   2              {
  24   3                  for(c=0;c<Count;c++)
  25   3                  {
  26   4                      LED=0;
  27   4                      Delay(t);
  28   4                      LED=1;
  29   4                      Delay(Total-t);
  30   4                  }
  31   3              }
  32   2              // LED灯由亮到暗
  33   2              for(t=Total;t>0;t--)
  34   2              {
  35   3                  for(c=0;c<Count;c++)
  36   3                  {
  37   4                      LED=0;
  38   4                      Delay(t);
  39   4                      LED=1;
  40   4                      Delay(Total-t);
  41   4                  }
  42   3              }
  43   2          }
  44   1      }


MODULE INFORMATION:   STATIC OVERLAYABLE
   CODE SIZE        =     74    ----
   CONSTANT SIZE    =   ----    ----
   XDATA SIZE       =   ----    ----
   PDATA SIZE       =   ----    ----
   DATA SIZE        =   ----    ----
   IDATA SIZE       =   ----    ----
   BIT SIZE         =   ----    ----
C51 COMPILER V9.60.7.0   MAIN                                                              04/29/2024 20:01:51 PAGE 2   

END OF MODULE INFORMATION.


C51 COMPILATION COMPLETE.  0 WARNING(S),  0 ERROR(S)
