C51 COMPILER V9.60.7.0   MAIN                                                              04/19/2024 19:25:21 PAGE 1   


C51 COMPILER V9.60.7.0, COMPILATION OF MODULE MAIN
OBJECT MODULE PLACED IN .\Objects\main.obj
COMPILER INVOKED BY: D:\Program\Keil5\C51\BIN\C51.EXE main.c OPTIMIZE(8,SPEED) BROWSE DEBUG OBJECTEXTEND PRINT(.\Listing
                    -s\main.lst) TABS(2) OBJECT(.\Objects\main.obj)

line level    source

   1          #include <REGX52.H>
   2          #include "Delay.h"
   3          #include "Nixie.h"
   4          
   5          void main()
   6          {
   7   1        while(1)
   8   1        {
   9   2          # LED灯闪烁
*** WARNING C315 IN LINE 9 OF main.c: unknown #directive 'LED'
  10   2      //    P2_0=1;
  11   2      //    Delay(500);
  12   2      //    P2_0=0;
  13   2      //    Delay(500);
  14   2          
  15   2          # 动态数码管
*** WARNING C314 IN LINE 15 OF main.c: bad #directive syntax
  16   2          Nixie(1,1);
  17   2          Nixie(2,2);
  18   2          Nixie(3,3);
  19   2          Nixie(4,4);
  20   2          Nixie(5,5);
  21   2          Nixie(6,6);
  22   2          Nixie(7,7);
  23   2          Nixie(8,8);
  24   2        }
  25   1      }


MODULE INFORMATION:   STATIC OVERLAYABLE
   CODE SIZE        =     74    ----
   CONSTANT SIZE    =   ----    ----
   XDATA SIZE       =   ----    ----
   PDATA SIZE       =   ----    ----
   DATA SIZE        =   ----    ----
   IDATA SIZE       =   ----    ----
   BIT SIZE         =   ----    ----
END OF MODULE INFORMATION.


C51 COMPILATION COMPLETE.  2 WARNING(S),  0 ERROR(S)
