C51 COMPILER V9.60.7.0   MAIN                                                              04/17/2024 21:55:21 PAGE 1   


C51 COMPILER V9.60.7.0, COMPILATION OF MODULE MAIN
OBJECT MODULE PLACED IN .\Objects\main.obj
COMPILER INVOKED BY: D:\Program\Keil5\C51\BIN\C51.EXE main.c OPTIMIZE(8,SPEED) BROWSE DEBUG OBJECTEXTEND PRINT(.\Listing
                    -s\main.lst) TABS(2) OBJECT(.\Objects\main.obj)

line level    source

   1          #include <REGX52.H>
   2          #include <INTRINS.H>
   3          
   4          void Delay500ms(void) //@12.000MHz
   5          {
   6   1        unsigned char data i, j, k;
   7   1      
   8   1        _nop_();
   9   1        i = 4;
  10   1        j = 205;
  11   1        k = 187;
  12   1        do
  13   1        {
  14   2          do
  15   2          {
  16   3            while (--k);
  17   3          } while (--j);
  18   2        } while (--i);
  19   1      }
  20          
  21          void main()
  22          {
  23   1        while(1)
  24   1        {
  25   2          P2 = 0xFE;  // 1111 1110
  26   2          Delay500ms();
  27   2          P2 = 0xFD;  // 1111 1101
  28   2          Delay500ms();
  29   2          P2 = 0xFB;  // 1111 1011
  30   2          Delay500ms();
  31   2          P2 = 0xF7;  // 1111 0111
  32   2          Delay500ms();
  33   2          P2 = 0xEF;  // 1110 1111
  34   2          Delay500ms();
  35   2          P2 = 0xDF;  // 1101 1111
  36   2          Delay500ms();
  37   2          P2 = 0xBF;  // 1011 1111
  38   2          Delay500ms();
  39   2          P2 = 0x7F;  // 0111 1111
  40   2          Delay500ms();
  41   2        }
  42   1      }


MODULE INFORMATION:   STATIC OVERLAYABLE
   CODE SIZE        =     64    ----
   CONSTANT SIZE    =   ----    ----
   XDATA SIZE       =   ----    ----
   PDATA SIZE       =   ----    ----
   DATA SIZE        =   ----    ----
   IDATA SIZE       =   ----    ----
   BIT SIZE         =   ----    ----
END OF MODULE INFORMATION.


C51 COMPILATION COMPLETE.  0 WARNING(S),  0 ERROR(S)
