C51 COMPILER V9.60.7.0   MAIN                                                              04/20/2024 18:49:15 PAGE 1   


C51 COMPILER V9.60.7.0, COMPILATION OF MODULE MAIN
OBJECT MODULE PLACED IN .\Objects\main.obj
COMPILER INVOKED BY: D:\Program\Keil5\C51\BIN\C51.EXE main.c OPTIMIZE(8,SPEED) BROWSE DEBUG OBJECTEXTEND PRINT(.\Listing
                    -s\main.lst) OBJECT(.\Objects\main.obj)

line level    source

   1          #include <REGX52.H>
   2          #include "Timer0.h"
   3          #include "Key.h"
   4          #include <INTRINS.H>
   5          
   6          unsigned char KeyNum,LEDMode;
   7          
   8          /**
   9            * @brief 独立按键控制LED
  10            * @param  无
  11            * @retval 无
  12            */
  13          void ChangeLEDMode()
  14          {
  15   1          KeyNum=Key();
  16   1          if(!KeyNum) return;
  17   1          
  18   1          if(KeyNum==1)
  19   1          {
  20   2              LEDMode = LEDMode==1 ? 0 : 1;
  21   2          }
  22   1      }
  23          
  24          /**
  25            * @brief LED按照指定模式运行
  26            * @param  无
  27            * @retval 无
  28            */
  29          void LightLED()
  30          {
  31   1          if(LEDMode==1) 
  32   1              P2=_cror_(P2,1);
  33   1          else 
  34   1              P2=_crol_(P2,1);
  35   1      }
  36          
  37          void main()
  38          {
  39   1          Timer0_Init();
  40   1          P2=0xFE;
  41   1              while(1)
  42   1              {
  43   2                      ChangeLEDMode();
  44   2              }
  45   1      }
  46          
  47          void Timer0_Rountine() interrupt 1
  48          {
  49   1          static unsigned int Counter;
  50   1          
  51   1          // 重置定时器初始值
  52   1              TL0 = 0x66;
  53   1              TH0 = 0xFC;
  54   1          
C51 COMPILER V9.60.7.0   MAIN                                                              04/20/2024 18:49:15 PAGE 2   

  55   1          // 中断1次为1ms，500次即0.5s
  56   1          if(++Counter>=500)
  57   1          {
  58   2              Counter=0;
  59   2      
  60   2              LightLED();
  61   2          }
  62   1      }


MODULE INFORMATION:   STATIC OVERLAYABLE
   CODE SIZE        =    122    ----
   CONSTANT SIZE    =   ----    ----
   XDATA SIZE       =   ----    ----
   PDATA SIZE       =   ----    ----
   DATA SIZE        =      4    ----
   IDATA SIZE       =   ----    ----
   BIT SIZE         =   ----    ----
END OF MODULE INFORMATION.


C51 COMPILATION COMPLETE.  0 WARNING(S),  0 ERROR(S)
