C51 COMPILER V9.60.7.0   MAIN                                                              04/17/2024 23:05:51 PAGE 1   


C51 COMPILER V9.60.7.0, COMPILATION OF MODULE MAIN
OBJECT MODULE PLACED IN .\Objects\main.obj
COMPILER INVOKED BY: D:\Program\Keil5\C51\BIN\C51.EXE main.c OPTIMIZE(8,SPEED) BROWSE DEBUG OBJECTEXTEND PRINT(.\Listing
                    -s\main.lst) TABS(2) OBJECT(.\Objects\main.obj)

line level    source

   1          #include <REGX52.H>
   2          
   3          void Delay(unsigned int xms)  //@12.000MHz
   4          {
   5   1        unsigned char data i, j;
   6   1      
   7   1        while(xms--)
   8   1        {
   9   2          i = 2;
  10   2          j = 239;
  11   2          do
  12   2          {
  13   3            while (--j);
  14   3          } while (--i);
  15   2        }
  16   1      }
  17          
  18          unsigned char LEDNum;
  19          void main()
  20          {
  21   1        P2_0 = 0;
  22   1        while(1)
  23   1        {
  24   2          if (P3_1 == 0) 
  25   2          {
  26   3            Delay(20);
  27   3            while (P3_1 == 0);
  28   3            Delay(20);
  29   3            
  30   3            LEDNum++;
  31   3            if (LEDNum >=8)
  32   3            {
  33   4              LEDNum = 0;
  34   4            }
  35   3            P2 = ~(0x01<<LEDNum);
  36   3          }
  37   2          if (P3_0 == 0) 
  38   2          {
  39   3            Delay(20);
  40   3            while (P3_0 == 0);
  41   3            Delay(20);
  42   3            
  43   3            if (LEDNum == 0)
  44   3            {
  45   4              LEDNum = 7;
  46   4            }
  47   3            else 
  48   3            {
  49   4              LEDNum--;
  50   4            }
  51   3            P2 = ~(0x01<<LEDNum);
  52   3          }
  53   2        }
  54   1      }
C51 COMPILER V9.60.7.0   MAIN                                                              04/17/2024 23:05:51 PAGE 2   

  55          


MODULE INFORMATION:   STATIC OVERLAYABLE
   CODE SIZE        =    108    ----
   CONSTANT SIZE    =   ----    ----
   XDATA SIZE       =   ----    ----
   PDATA SIZE       =   ----    ----
   DATA SIZE        =      1    ----
   IDATA SIZE       =   ----    ----
   BIT SIZE         =   ----    ----
END OF MODULE INFORMATION.


C51 COMPILATION COMPLETE.  0 WARNING(S),  0 ERROR(S)
