C51 COMPILER V9.60.7.0   DS18B20                                                           04/27/2024 16:10:25 PAGE 1   


C51 COMPILER V9.60.7.0, COMPILATION OF MODULE DS18B20
OBJECT MODULE PLACED IN .\Objects\DS18B20.obj
COMPILER INVOKED BY: D:\Program\MDK51_32\C51\BIN\C51.EXE DS18B20.c OPTIMIZE(8,SPEED) BROWSE DEBUG OBJECTEXTEND PRINT(.\L
                    -istings\DS18B20.lst) OBJECT(.\Objects\DS18B20.obj)

line level    source

   1          #include <REGX52.H>
   2          #include "OneWire.h"
   3          #include "LCD1602.h"
   4          
   5          // 宏定义DS18B20的ROM指令和功能指令
   6          #define DS18B20_SKIP_ROM            0xCC
   7          #define DS18B20_CONVERT_T           0x44
   8          #define DS18B20_READ_SCRATCHPAD     0xBE
   9          
  10          /**
  11            * @brief 温度变换：初始化→跳过ROM →开始温度变换
  12            * @param  无
  13            * @retval 无
  14            */
  15          void DS18B20_ConvertT(void)
  16          {
  17   1          OneWire_Init();                             // 初始化
  18   1          OneWire_SendByte(DS18B20_SKIP_ROM);         // 跳过ROM
  19   1          OneWire_SendByte(DS18B20_CONVERT_T);        // 开始温度变换
  20   1      }
  21          
  22          /**
  23            * @brief 温度读取：初始化→跳过ROM →读暂存器→连续的读操作
  24            * @param  无
  25            * @retval float 温度，有符号的浮点类型
  26            */
  27          float DS18B20_ReadT(void)
  28          {
  29   1          unsigned char TLSB,TMSB;
  30   1          int Temp;
  31   1          float T;
  32   1          
  33   1          OneWire_Init();                             // 初始化
  34   1          OneWire_SendByte(DS18B20_SKIP_ROM);         // 跳过ROM
  35   1          OneWire_SendByte(DS18B20_READ_SCRATCHPAD);  // 读暂存器
  36   1          TLSB=OneWire_ReceiveByte();                 // 连续的读操作
  37   1          TMSB=OneWire_ReceiveByte();                 // 连续的读操作
  38   1          
  39   1          //LCD_ShowBinNum(1,1,TMSB,8);     // 调试用
  40   1          //LCD_ShowBinNum(1,9,TLSB,8);     // 调试用
  41   1          
  42   1          // 温度存储格式：低4位为小数
  43   1          // 精度分别为 0.5℃、 0.25℃、 0.125℃、 0.0625℃分辨率
  44   1          Temp=TMSB<<8|TLSB;
  45   1          T=Temp/16.0;
  46   1          return T;
  47   1      }


MODULE INFORMATION:   STATIC OVERLAYABLE
   CODE SIZE        =     56    ----
   CONSTANT SIZE    =   ----    ----
   XDATA SIZE       =   ----    ----
   PDATA SIZE       =   ----    ----
C51 COMPILER V9.60.7.0   DS18B20                                                           04/27/2024 16:10:25 PAGE 2   

   DATA SIZE        =   ----       1
   IDATA SIZE       =   ----    ----
   BIT SIZE         =   ----    ----
END OF MODULE INFORMATION.


C51 COMPILATION COMPLETE.  0 WARNING(S),  0 ERROR(S)
