C51 COMPILER V9.60.7.0   MAIN                                                              04/27/2024 17:28:39 PAGE 1   


C51 COMPILER V9.60.7.0, COMPILATION OF MODULE MAIN
OBJECT MODULE PLACED IN .\Objects\main.obj
COMPILER INVOKED BY: D:\Program\MDK51_32\C51\BIN\C51.EXE main.c OPTIMIZE(8,SPEED) BROWSE DEBUG OBJECTEXTEND PRINT(.\List
                    -ings\main.lst) OBJECT(.\Objects\main.obj)

line level    source

   1          #include <REGX52.H>
   2          #include "Delay.h"
   3          #include "LCD1602.h"
   4          #include "DS18B20.h"
   5          #include "AT24C02.h"
   6          #include "Key.h"
   7          #include "Timer0.h"
   8          
   9          float T,Tmp;
  10          char THigh,TLow;
  11          unsigned char KeyNum;
  12          
  13          /**
  14            * @brief ‰ªéDS18B20‰∏≠ËØªÂèñÊ∏©Â∫¶Âπ∂ÊòæÁ§∫
  15            * @param  Êó†
  16            * @retval Êó†
  17            */
  18          void ShowT()
  19          {
  20   1          DS18B20_ConvertT();     //ËΩ¨Êç¢Ê∏©Â∫¶
  21   1          T=DS18B20_ReadT();      //ËØªÂèñÊ∏©Â∫¶
  22   1          
  23   1          // Ê≠£Ë¥üÈÉ®ÂàÜ
  24   1          LCD_ShowChar(1,1,T<0 ? '-' : '+');
  25   1          Tmp=T<0 ? -T : T;
  26   1          // Êï¥Êï∞ÈÉ®ÂàÜ
  27   1          LCD_ShowNum(1,2,Tmp,3);
  28   1          // Â∞èÊï∞ÈÉ®ÂàÜ
  29   1          LCD_ShowNum(1,6,(unsigned long)(Tmp*100)%100,2);   
  30   1      }
  31          
  32          /**
  33            * @brief ‰ªéE2PROM‰∏≠ËØªÂèñÈòàÂÄºÂπ∂ÊòæÁ§∫
  34            * @param  Êó†
  35            * @retval Êó†
  36            */
  37          void ShowThreshold()
  38          {
  39   1          // ËØªÂá∫ÈòàÂÄº
  40   1          THigh=AT24C02_ReadData(0);
  41   1          TLow=AT24C02_ReadData(1);
  42   1          if(!THigh) THigh=25;
  43   1          if(!TLow) TLow=20;
  44   1          
  45   1          // ÊòæÁ§∫ÈòàÂÄº
  46   1          LCD_ShowSignedNum(2,4,THigh,3);
  47   1          LCD_ShowSignedNum(2,13,TLow,3);
  48   1      }
  49          
  50          /**
  51            * @brief ÊòæÁ§∫Ë≠¶Êä•
  52            * @param  Êó†
  53            * @retval Êó†
  54            */
C51 COMPILER V9.60.7.0   MAIN                                                              04/27/2024 17:28:39 PAGE 2   

  55          void ShowAlarm()
  56          {
  57   1          if(T>=THigh) LCD_ShowString(1,13,"OV:H");
  58   1          else if(T<=TLow) LCD_ShowString(1,13,"OV:L");
  59   1          else LCD_ShowString(1,13,"    ");
  60   1      }
  61          
  62          /**
  63            * @brief Ë∞ÉËäÇÊ∏©Â∫¶Êä•Ë≠¶ÈòàÂÄºÔºåÊ∏©Â∫¶ÂèØÊµãÈáèËåÉÂõ¥‰∏∫Ôºö -55‚ÑÉËá≥+125‚ÑÉ
  64            * @param  Êó†
  65            * @retval Êó†
  66            */
  67          void AdjustThreshold()
  68          {
  69   1          KeyNum=Key();
  70   1          if(!KeyNum) return;
  71   1          LCD_ShowNum(1,10,KeyNum,1);
  72   1          
  73   1          // Ë∞ÉËäÇÈòàÂÄº
  74   1          if(KeyNum==1 && THigh<125) THigh++;
  75   1          else if(KeyNum==2 && THigh>TLow+1) THigh--;
  76   1          else if(KeyNum==3 && TLow<THigh-1) TLow++;
  77   1          else if(KeyNum==4 && TLow>-55) TLow--;
  78   1          
  79   1          // ÊòæÁ§∫ÈòàÂÄº
  80   1          LCD_ShowSignedNum(2,4,THigh,3);
  81   1          LCD_ShowSignedNum(2,13,TLow,3);
  82   1          
  83   1          // ‰øùÂ≠òÈòàÂÄº
  84   1          AT24C02_WriteData(0,THigh);
  85   1          Delay(5); // ÂÜôÂë®ÊúüÊúÄÂ§ßÂÄº5ms
  86   1          AT24C02_WriteData(1,TLow);
  87   1          Delay(5); // ÂÜôÂë®ÊúüÊúÄÂ§ßÂÄº5ms
  88   1          
  89   1          // ÊòæÁ§∫Ë≠¶Êä•
  90   1          ShowAlarm();
  91   1      }
  92          
  93          void main()
  94          {    
  95   1          DS18B20_ConvertT();         // ‰∏äÁîµÂÖàËΩ¨Êç¢‰∏ÄÊ¨°Ê∏©Â∫¶ÔºåÈò≤Ê≠¢Á¨¨‰∏ÄÊ¨°ËØªÊï∞ÊçÆÈîôËØØ
  96   1          Delay(1000);                // ËΩ¨Êç¢‰ΩçÊï∞‰∏∫12‰ΩçÊó∂ÔºåÊúÄÂ§ßËΩ¨Êç¢Êó∂Èó¥‰∏∫750ms„ÄÇÂª∂ËøüÁ≠âÂæÖËΩ¨Ê
             -ç¢ÂÆåÊàê
  97   1          T=DS18B20_ReadT();          // ËØªÂèñÊ∏©Â∫¶
  98   1          
  99   1          Timer0_Init();
 100   1          
 101   1          LCD_Init();
 102   1          LCD_ShowChar(1,5,'.');      // Â∞èÊï∞ÁÇπ
 103   1          LCD_ShowString(2,1,"TH:");
 104   1          LCD_ShowSignedNum(2,4,THigh,3);
 105   1          LCD_ShowString(2,10,"TL:");
 106   1          LCD_ShowSignedNum(2,13,TLow,3);
 107   1      
 108   1          ShowThreshold();            // ÊòæÁ§∫ÈòàÂÄº
 109   1          ShowAlarm();                // ÊòæÁ§∫Ë≠¶Êä•
 110   1          
 111   1          while(1)
 112   1          {
 113   2              // ######ÊòæÁ§∫Ê∏©Â∫¶######
 114   2              ShowT();
 115   2              
C51 COMPILER V9.60.7.0   MAIN                                                              04/27/2024 17:28:39 PAGE 3   

 116   2              // ######Ë∞ÉËäÇÈòàÂÄº######
 117   2              AdjustThreshold();
 118   2          }
 119   1      }
 120          
 121          /**
 122            * @brief ÂÆöÊó∂Âô®0‰∏≠Êñ≠Á®ãÂ∫è
 123            * @param  Êó†
 124            * @retval Êó†
 125            */
 126          void Timer0_Routine() interrupt 1
 127          {
 128   1          static unsigned int Counter;
 129   1      
 130   1          // ÈáçÁΩÆÂÆöÊó∂Âô®ÂàùÂßãÂÄº
 131   1          TL0 = 0x66;
 132   1          TH0 = 0xFC;
 133   1      
 134   1          // ‰∏≠Êñ≠1Ê¨°‰∏∫1ms
 135   1          if(++Counter>=20)
 136   1          {
 137   2              Counter=0;
 138   2              Key_Loop();
 139   2          }
 140   1      }


MODULE INFORMATION:   STATIC OVERLAYABLE
   CODE SIZE        =    670    ----
   CONSTANT SIZE    =     23    ----
   XDATA SIZE       =   ----    ----
   PDATA SIZE       =   ----    ----
   DATA SIZE        =     13    ----
   IDATA SIZE       =   ----    ----
   BIT SIZE         =   ----    ----
END OF MODULE INFORMATION.


C51 COMPILATION COMPLETE.  0 WARNING(S),  0 ERROR(S)
